*** Using Compiler 'V5.06 update 7 (build 960)', folder: 'C:\Keil_v5\ARM\ARMCC\Bin'
Rebuild target 'RMc_adam_GeneralRobotSystemCode'
compiling dma.c...
compiling crc.c...
compiling iwdg.c...
compiling i2c.c...
compiling can.c...
compiling gpio.c...
compiling spi.c...
compiling usart.c...
compiling tim.c...
compiling pid.c...
..\Algorithm\pid.h(34): warning:  #1-D: last line of file ends without a newline
  float pid_update(pid_t* pid, float setpoint, float measurement);
..\Algorithm\pid.c(67): warning:  #1-D: last line of file ends without a newline
  }//简单前馈最终输出总和
..\Algorithm\pid.c: 2 warnings, 0 errors
compiling main.c...
../Applications/Hardware/IMU_updata.h(63): warning:  #1295-D: Deprecated declaration process_IMU_data - give arg types
  void process_IMU_data();
../Applications/Software/referee_handle_pack.h(730): warning:  #1295-D: Deprecated declaration Required_Data - give arg types
  void Required_Data();
../Applications/Software/referee_handle_pack.h(731): warning:  #1295-D: Deprecated declaration Cap_Required_Data - give arg types
  void Cap_Required_Data(); 
../Applications/Software/referee_handle_pack.h(732): warning:  #1-D: last line of file ends without a newline
  #endif
../Applications/Software/NUC_communication.h(66): warning:  #1295-D: Deprecated declaration Test_communcation_0128 - give arg types
  void Test_communcation_0128();
../Applications/Software/chassis_move.h(121): warning:  #1295-D: Deprecated declaration Chassis_course_updata - give arg types
  void Chassis_course_updata();
../Applications/Software/chassis_move.h(122): warning:  #1295-D: Deprecated declaration Chassis_course_pid_cal - give arg types
  void Chassis_course_pid_cal();
../Applications/Software/chassis_move.h(124): warning:  #1295-D: Deprecated declaration steer_transfer_nearby - give arg types
  void steer_transfer_nearby(); //就近转位
../Algorithm/pid.h(34): warning:  #1-D: last line of file ends without a newline
  float pid_update(pid_t* pid, float setpoint, float measurement);
..\..\..\25-EE-code-steer\Drivers\DM_Dri\dm_driver.h(89): warning:  #1295-D: Deprecated declaration dm4310_init - give arg types
  void dm4310_init();
..\..\..\25-EE-code-steer\Drivers\DM_Dri\dm_driver.h(113): warning:  #1-D: last line of file ends without a newline
  #endif // DM_DRIVER_H
../Applications/Software/gimbal.h(91): warning:  #1295-D: Deprecated declaration big_yaw_init - give arg types
  void big_yaw_init();
../Applications/Software/gimbal.h(92): warning:  #1295-D: Deprecated declaration big_yaw_cal - give arg types
  void big_yaw_cal();
../Applications/Software/gimbal.h(94): warning:  #1295-D: Deprecated declaration big_yaw_update - give arg types
  void big_yaw_update();
../Applications/Software/gimbal.h(95): warning:  #1295-D: Deprecated declaration relative_angle_big_yaw_send - give arg types
  void relative_angle_big_yaw_send();
../Applications/Software/Global_status.h(84): warning:  #1-D: last line of file ends without a newline
  // end of file
../Applications/Software/ui/ui_default_Ungroup_0.h(12): warning:  #1295-D: Deprecated declaration _ui_init_default_Ungroup_0 - give arg types
  void _ui_init_default_Ungroup_0();
../Applications/Software/ui/ui_default_Ungroup_0.h(13): warning:  #1295-D: Deprecated declaration _ui_update_default_Ungroup_0 - give arg types
  void _ui_update_default_Ungroup_0();
../Applications/Software/ui/ui_default_Ungroup_0.h(14): warning:  #1295-D: Deprecated declaration _ui_remove_default_Ungroup_0 - give arg types
  void _ui_remove_default_Ungroup_0();
../Applications/Software/ui/ui_default_Ungroup_1.h(12): warning:  #1295-D: Deprecated declaration _ui_init_default_Ungroup_1 - give arg types
  void _ui_init_default_Ungroup_1();
../Applications/Software/ui/ui_default_Ungroup_1.h(13): warning:  #1295-D: Deprecated declaration _ui_update_default_Ungroup_1 - give arg types
  void _ui_update_default_Ungroup_1();
../Applications/Software/ui/ui_default_Ungroup_1.h(14): warning:  #1295-D: Deprecated declaration _ui_remove_default_Ungroup_1 - give arg types
  void _ui_remove_default_Ungroup_1();
../Applications/Software/ui/ui_default_Ungroup_2.h(12): warning:  #1295-D: Deprecated declaration _ui_init_default_Ungroup_2 - give arg types
  void _ui_init_default_Ungroup_2();
../Applications/Software/ui/ui_default_Ungroup_2.h(13): warning:  #1295-D: Deprecated declaration _ui_update_default_Ungroup_2 - give arg types
  void _ui_update_default_Ungroup_2();
../Applications/Software/ui/ui_default_Ungroup_2.h(14): warning:  #1295-D: Deprecated declaration _ui_remove_default_Ungroup_2 - give arg types
  void _ui_remove_default_Ungroup_2();
../Applications/Software/ui/ui_default_Ungroup_3.h(12): warning:  #1295-D: Deprecated declaration _ui_init_default_Ungroup_3 - give arg types
  void _ui_init_default_Ungroup_3();
../Applications/Software/ui/ui_default_Ungroup_3.h(13): warning:  #1295-D: Deprecated declaration _ui_update_default_Ungroup_3 - give arg types
  void _ui_update_default_Ungroup_3();
../Applications/Software/ui/ui_default_Ungroup_3.h(14): warning:  #1295-D: Deprecated declaration _ui_remove_default_Ungroup_3 - give arg types
  void _ui_remove_default_Ungroup_3();
../Applications/Software/ui/ui_default_Ungroup_4.h(18): warning:  #1295-D: Deprecated declaration _ui_init_default_Ungroup_4 - give arg types
  void _ui_init_default_Ungroup_4();
../Applications/Software/ui/ui_default_Ungroup_4.h(19): warning:  #1295-D: Deprecated declaration _ui_update_default_Ungroup_4 - give arg types
  void _ui_update_default_Ungroup_4();
../Applications/Software/ui/ui_default_Ungroup_4.h(20): warning:  #1295-D: Deprecated declaration _ui_remove_default_Ungroup_4 - give arg types
  void _ui_remove_default_Ungroup_4();
../Applications/Software/ui/ui_default_Ungroup_5.h(16): warning:  #1295-D: Deprecated declaration _ui_init_default_Ungroup_5 - give arg types
  void _ui_init_default_Ungroup_5();
../Applications/Software/ui/ui_default_Ungroup_5.h(17): warning:  #1295-D: Deprecated declaration _ui_update_default_Ungroup_5 - give arg types
  void _ui_update_default_Ungroup_5();
../Applications/Software/ui/ui_default_Ungroup_5.h(18): warning:  #1295-D: Deprecated declaration _ui_remove_default_Ungroup_5 - give arg types
  void _ui_remove_default_Ungroup_5();
../Applications/Software/ui.h(20): warning:  #1295-D: Deprecated declaration ui_init - give arg types
  void ui_init();
../Applications/Software/ui.h(21): warning:  #1295-D: Deprecated declaration ui_updata - give arg types
  void ui_updata();
../Applications/Software/ui.h(23): warning:  #1295-D: Deprecated declaration char_change - give arg types
  void char_change();
../Applications/Software/ui.h(26): warning:  #1295-D: Deprecated declaration ui_chassisline - give arg types
  void ui_chassisline();
../Applications/Software/ui.h(27): warning:  #1295-D: Deprecated declaration ui_WarningLight - give arg types
  void ui_WarningLight();
../Applications/Software/ui.h(28): warning:  #1295-D: Deprecated declaration ui_Spin - give arg types
  void ui_Spin();
../Src/main.c(171): warning:  #223-D: function "referee_usart_task_init" declared implicitly
    referee_usart_task_init(); // 裁判系统解算
../Src/main.c: 41 warnings, 0 errors
compiling MahonyAHRS.c...
compiling freertos.c...
../Applications/Hardware/IMU_updata.h(63): warning:  #1295-D: Deprecated declaration process_IMU_data - give arg types
  void process_IMU_data();
../Applications/Software/referee_handle_pack.h(730): warning:  #1295-D: Deprecated declaration Required_Data - give arg types
  void Required_Data();
../Applications/Software/referee_handle_pack.h(731): warning:  #1295-D: Deprecated declaration Cap_Required_Data - give arg types
  void Cap_Required_Data(); 
../Applications/Software/referee_handle_pack.h(732): warning:  #1-D: last line of file ends without a newline
  #endif
../Applications/Software/chassis_move.h(121): warning:  #1295-D: Deprecated declaration Chassis_course_updata - give arg types
  void Chassis_course_updata();
../Applications/Software/chassis_move.h(122): warning:  #1295-D: Deprecated declaration Chassis_course_pid_cal - give arg types
  void Chassis_course_pid_cal();
../Applications/Software/chassis_move.h(124): warning:  #1295-D: Deprecated declaration steer_transfer_nearby - give arg types
  void steer_transfer_nearby(); //就近转位
../Algorithm/pid.h(34): warning:  #1-D: last line of file ends without a newline
  float pid_update(pid_t* pid, float setpoint, float measurement);
..\..\..\25-EE-code-steer\Drivers\DM_Dri\dm_driver.h(89): warning:  #1295-D: Deprecated declaration dm4310_init - give arg types
  void dm4310_init();
..\..\..\25-EE-code-steer\Drivers\DM_Dri\dm_driver.h(113): warning:  #1-D: last line of file ends without a newline
  #endif // DM_DRIVER_H
../Applications/Software/gimbal.h(91): warning:  #1295-D: Deprecated declaration big_yaw_init - give arg types
  void big_yaw_init();
../Applications/Software/gimbal.h(92): warning:  #1295-D: Deprecated declaration big_yaw_cal - give arg types
  void big_yaw_cal();
../Applications/Software/gimbal.h(94): warning:  #1295-D: Deprecated declaration big_yaw_update - give arg types
  void big_yaw_update();
../Applications/Software/gimbal.h(95): warning:  #1295-D: Deprecated declaration relative_angle_big_yaw_send - give arg types
  void relative_angle_big_yaw_send();
../Applications/Software/Global_status.h(84): warning:  #1-D: last line of file ends without a newline
  // end of file
../Applications/Software/NUC_communication.h(66): warning:  #1295-D: Deprecated declaration Test_communcation_0128 - give arg types
  void Test_communcation_0128();
../Applications/Software/ui/ui_default_Ungroup_0.h(12): warning:  #1295-D: Deprecated declaration _ui_init_default_Ungroup_0 - give arg types
  void _ui_init_default_Ungroup_0();
../Applications/Software/ui/ui_default_Ungroup_0.h(13): warning:  #1295-D: Deprecated declaration _ui_update_default_Ungroup_0 - give arg types
  void _ui_update_default_Ungroup_0();
../Applications/Software/ui/ui_default_Ungroup_0.h(14): warning:  #1295-D: Deprecated declaration _ui_remove_default_Ungroup_0 - give arg types
  void _ui_remove_default_Ungroup_0();
../Applications/Software/ui/ui_default_Ungroup_1.h(12): warning:  #1295-D: Deprecated declaration _ui_init_default_Ungroup_1 - give arg types
  void _ui_init_default_Ungroup_1();
../Applications/Software/ui/ui_default_Ungroup_1.h(13): warning:  #1295-D: Deprecated declaration _ui_update_default_Ungroup_1 - give arg types
  void _ui_update_default_Ungroup_1();
../Applications/Software/ui/ui_default_Ungroup_1.h(14): warning:  #1295-D: Deprecated declaration _ui_remove_default_Ungroup_1 - give arg types
  void _ui_remove_default_Ungroup_1();
../Applications/Software/ui/ui_default_Ungroup_2.h(12): warning:  #1295-D: Deprecated declaration _ui_init_default_Ungroup_2 - give arg types
  void _ui_init_default_Ungroup_2();
../Applications/Software/ui/ui_default_Ungroup_2.h(13): warning:  #1295-D: Deprecated declaration _ui_update_default_Ungroup_2 - give arg types
  void _ui_update_default_Ungroup_2();
../Applications/Software/ui/ui_default_Ungroup_2.h(14): warning:  #1295-D: Deprecated declaration _ui_remove_default_Ungroup_2 - give arg types
  void _ui_remove_default_Ungroup_2();
../Applications/Software/ui/ui_default_Ungroup_3.h(12): warning:  #1295-D: Deprecated declaration _ui_init_default_Ungroup_3 - give arg types
  void _ui_init_default_Ungroup_3();
../Applications/Software/ui/ui_default_Ungroup_3.h(13): warning:  #1295-D: Deprecated declaration _ui_update_default_Ungroup_3 - give arg types
  void _ui_update_default_Ungroup_3();
../Applications/Software/ui/ui_default_Ungroup_3.h(14): warning:  #1295-D: Deprecated declaration _ui_remove_default_Ungroup_3 - give arg types
  void _ui_remove_default_Ungroup_3();
../Applications/Software/ui/ui_default_Ungroup_4.h(18): warning:  #1295-D: Deprecated declaration _ui_init_default_Ungroup_4 - give arg types
  void _ui_init_default_Ungroup_4();
../Applications/Software/ui/ui_default_Ungroup_4.h(19): warning:  #1295-D: Deprecated declaration _ui_update_default_Ungroup_4 - give arg types
  void _ui_update_default_Ungroup_4();
../Applications/Software/ui/ui_default_Ungroup_4.h(20): warning:  #1295-D: Deprecated declaration _ui_remove_default_Ungroup_4 - give arg types
  void _ui_remove_default_Ungroup_4();
../Applications/Software/ui/ui_default_Ungroup_5.h(16): warning:  #1295-D: Deprecated declaration _ui_init_default_Ungroup_5 - give arg types
  void _ui_init_default_Ungroup_5();
../Applications/Software/ui/ui_default_Ungroup_5.h(17): warning:  #1295-D: Deprecated declaration _ui_update_default_Ungroup_5 - give arg types
  void _ui_update_default_Ungroup_5();
../Applications/Software/ui/ui_default_Ungroup_5.h(18): warning:  #1295-D: Deprecated declaration _ui_remove_default_Ungroup_5 - give arg types
  void _ui_remove_default_Ungroup_5();
../Applications/Software/ui.h(20): warning:  #1295-D: Deprecated declaration ui_init - give arg types
  void ui_init();
../Applications/Software/ui.h(21): warning:  #1295-D: Deprecated declaration ui_updata - give arg types
  void ui_updata();
../Applications/Software/ui.h(23): warning:  #1295-D: Deprecated declaration char_change - give arg types
  void char_change();
../Applications/Software/ui.h(26): warning:  #1295-D: Deprecated declaration ui_chassisline - give arg types
  void ui_chassisline();
../Applications/Software/ui.h(27): warning:  #1295-D: Deprecated declaration ui_WarningLight - give arg types
  void ui_WarningLight();
../Applications/Software/ui.h(28): warning:  #1295-D: Deprecated declaration ui_Spin - give arg types
  void ui_Spin();
../Applications/Software/vofa.h(6): warning:  #1-D: last line of file ends without a newline
  #endif
../Src/freertos.c: 41 warnings, 0 errors
compiling wwdg.c...
compiling stm32f4xx_hal_timebase_tim.c...
compiling stm32f4xx_hal_msp.c...
compiling usb_device.c...
compiling usbd_conf.c...
compiling stm32f4xx_it.c...
compiling usbd_cdc_if.c...
compiling AHRS_middleware.c...
compiling Kalman_Filter_c.c...
../Applications/Software/referee_handle_pack.h(730): warning:  #1295-D: Deprecated declaration Required_Data - give arg types
  void Required_Data();
../Applications/Software/referee_handle_pack.h(731): warning:  #1295-D: Deprecated declaration Cap_Required_Data - give arg types
  void Cap_Required_Data(); 
../Applications/Software/referee_handle_pack.h(732): warning:  #1-D: last line of file ends without a newline
  #endif
../Applications/Software/NUC_communication.h(66): warning:  #1295-D: Deprecated declaration Test_communcation_0128 - give arg types
  void Test_communcation_0128();
..\Algorithm\Kalman_Filter_c.c: 4 warnings, 0 errors
compiling RampFunc.c...
compiling usbd_desc.c...
compiling CRC8_CRC16.c...
../Applications/Software/referee_handle_pack.h(730): warning:  #1295-D: Deprecated declaration Required_Data - give arg types
  void Required_Data();
../Applications/Software/referee_handle_pack.h(731): warning:  #1295-D: Deprecated declaration Cap_Required_Data - give arg types
  void Cap_Required_Data(); 
../Applications/Software/referee_handle_pack.h(732): warning:  #1-D: last line of file ends without a newline
  #endif
../Applications/Software/NUC_communication.h(66): warning:  #1295-D: Deprecated declaration Test_communcation_0128 - give arg types
  void Test_communcation_0128();
..\Algorithm\CRC8_CRC16.c: 4 warnings, 0 errors
compiling Laser.c...
compiling PWM_control.c...
compiling GPIO_output.c...
compiling USB_VirCom.c...
../Applications/Software/referee_handle_pack.h(730): warning:  #1295-D: Deprecated declaration Required_Data - give arg types
  void Required_Data();
../Applications/Software/referee_handle_pack.h(731): warning:  #1295-D: Deprecated declaration Cap_Required_Data - give arg types
  void Cap_Required_Data(); 
../Applications/Software/referee_handle_pack.h(732): warning:  #1-D: last line of file ends without a newline
  #endif
../Applications/Software/NUC_communication.h(66): warning:  #1295-D: Deprecated declaration Test_communcation_0128 - give arg types
  void Test_communcation_0128();
../Applications/Software/Global_status.h(84): warning:  #1-D: last line of file ends without a newline
  // end of file
..\Applications\Hardware\USB_VirCom.c(27): warning:  #177-D: variable "sum"  was declared but never referenced
  	uint16_t sum;
..\Applications\Hardware\USB_VirCom.c: 6 warnings, 0 errors
compiling cap_ctl.c...
compiling LED_control.c...
compiling fifo.c...
compiling IMU_updata.c...
../Algorithm/pid.h(34): warning:  #1-D: last line of file ends without a newline
  float pid_update(pid_t* pid, float setpoint, float measurement);
..\Applications\Hardware\IMU_updata.h(63): warning:  #1295-D: Deprecated declaration process_IMU_data - give arg types
  void process_IMU_data();
..\Applications\Hardware\IMU_updata.c(144): warning:  #1035-D: single-precision operand implicitly converted to double-precision
  	IMU_data.gyro[0] -= 0.000665790285;
..\Applications\Hardware\IMU_updata.c(145): warning:  #1035-D: single-precision operand implicitly converted to double-precision
  	IMU_data.gyro[1] -= 0.00079894834125;
..\Applications\Hardware\IMU_updata.c(146): warning:  #1035-D: single-precision operand implicitly converted to double-precision
  	IMU_data.gyro[2] -= 0.00039947417125;
..\Applications\Hardware\IMU_updata.c(176): warning:  #1035-D: single-precision operand implicitly converted to double-precision
  	IMU_data.AHRS.err_code = AHRS_update(IMU_data.AHRS.q, (float)(Get_sys_time_ms() - last_time) * 0.001,
..\Applications\Hardware\IMU_updata.c(212): warning:  #186-D: pointless comparison of unsigned integer with zero
  	if(ccr < 0)
..\Applications\Hardware\IMU_updata.c(320): warning:  #1035-D: single-precision operand implicitly converted to double-precision
  			IMU_data.gyro[0] -= 0.007288707553;
..\Applications\Hardware\IMU_updata.c(322): warning:  #1035-D: single-precision operand implicitly converted to double-precision
  			IMU_data.gyro[2] -= 0.90244110504;	
..\Applications\Hardware\IMU_updata.c: 9 warnings, 0 errors
compiling UART_data_transmit.c...
../Applications/Software/referee_handle_pack.h(730): warning:  #1295-D: Deprecated declaration Required_Data - give arg types
  void Required_Data();
../Applications/Software/referee_handle_pack.h(731): warning:  #1295-D: Deprecated declaration Cap_Required_Data - give arg types
  void Cap_Required_Data(); 
../Applications/Software/referee_handle_pack.h(732): warning:  #1-D: last line of file ends without a newline
  #endif
..\Applications\Hardware\UART_data_transmit.c: 3 warnings, 0 errors
compiling DBUS_remote_control.c...
../Applications/Software/referee_handle_pack.h(730): warning:  #1295-D: Deprecated declaration Required_Data - give arg types
  void Required_Data();
../Applications/Software/referee_handle_pack.h(731): warning:  #1295-D: Deprecated declaration Cap_Required_Data - give arg types
  void Cap_Required_Data(); 
../Applications/Software/referee_handle_pack.h(732): warning:  #1-D: last line of file ends without a newline
  #endif
..\Applications\Hardware\DBUS_remote_control.c: 3 warnings, 0 errors
compiling CAN_receive&send.c...
..\Applications\Hardware\IMU_updata.h(63): warning:  #1295-D: Deprecated declaration process_IMU_data - give arg types
  void process_IMU_data();
../Applications/Software/referee_handle_pack.h(730): warning:  #1295-D: Deprecated declaration Required_Data - give arg types
  void Required_Data();
../Applications/Software/referee_handle_pack.h(731): warning:  #1295-D: Deprecated declaration Cap_Required_Data - give arg types
  void Cap_Required_Data(); 
../Applications/Software/referee_handle_pack.h(732): warning:  #1-D: last line of file ends without a newline
  #endif
../Applications/Software/chassis_move.h(121): warning:  #1295-D: Deprecated declaration Chassis_course_updata - give arg types
  void Chassis_course_updata();
../Applications/Software/chassis_move.h(122): warning:  #1295-D: Deprecated declaration Chassis_course_pid_cal - give arg types
  void Chassis_course_pid_cal();
../Applications/Software/chassis_move.h(124): warning:  #1295-D: Deprecated declaration steer_transfer_nearby - give arg types
  void steer_transfer_nearby(); //就近转位
..\..\..\25-EE-code-steer\Drivers\DM_Dri\dm_driver.h(89): warning:  #1295-D: Deprecated declaration dm4310_init - give arg types
  void dm4310_init();
..\..\..\25-EE-code-steer\Drivers\DM_Dri\dm_driver.h(113): warning:  #1-D: last line of file ends without a newline
  #endif // DM_DRIVER_H
..\Applications\Hardware\CAN_receive&send.c(270): warning:  #223-D: function "memset" declared implicitly
    memset(can_send_data,0,8);
..\Applications\Hardware\CAN_receive&send.c(312): warning:  #223-D: function "memset" declared implicitly
    memset(can_send_data,0,8);
..\Applications\Hardware\CAN_receive&send.c(395): warning:  #223-D: function "abs" declared implicitly
    uint32_t mul = abs((int)angle_0) / 180;
..\Applications\Hardware\CAN_receive&send.c: 12 warnings, 0 errors
compiling global_status.c...
..\Applications\Software\Global_status.h(84): warning:  #1-D: last line of file ends without a newline
  // end of file
..\Applications\Software\global_status.c: 1 warning, 0 errors
compiling GPIO_input_EXTI.c...
../Applications/Software/global_status.h(84): warning:  #1-D: last line of file ends without a newline
  // end of file
..\Applications\Hardware\GPIO_input_EXTI.c: 1 warning, 0 errors
compiling Stm32_time.c...
compiling Error_detect.c...
..\Applications\Software\global_status.h(84): warning:  #1-D: last line of file ends without a newline
  // end of file
..\Applications\Software\referee_handle_pack.h(730): warning:  #1295-D: Deprecated declaration Required_Data - give arg types
  void Required_Data();
..\Applications\Software\referee_handle_pack.h(731): warning:  #1295-D: Deprecated declaration Cap_Required_Data - give arg types
  void Cap_Required_Data(); 
..\Applications\Software\referee_handle_pack.h(732): warning:  #1-D: last line of file ends without a newline
  #endif
..\Applications\Software\chassis_move.h(121): warning:  #1295-D: Deprecated declaration Chassis_course_updata - give arg types
  void Chassis_course_updata();
..\Applications\Software\chassis_move.h(122): warning:  #1295-D: Deprecated declaration Chassis_course_pid_cal - give arg types
  void Chassis_course_pid_cal();
..\Applications\Software\chassis_move.h(124): warning:  #1295-D: Deprecated declaration steer_transfer_nearby - give arg types
  void steer_transfer_nearby(); //就近转位
../Algorithm/pid.h(34): warning:  #1-D: last line of file ends without a newline
  float pid_update(pid_t* pid, float setpoint, float measurement);
..\..\..\25-EE-code-steer\Drivers\DM_Dri\dm_driver.h(89): warning:  #1295-D: Deprecated declaration dm4310_init - give arg types
  void dm4310_init();
..\..\..\25-EE-code-steer\Drivers\DM_Dri\dm_driver.h(113): warning:  #1-D: last line of file ends without a newline
  #endif // DM_DRIVER_H
..\Applications\Software\gimbal.h(91): warning:  #1295-D: Deprecated declaration big_yaw_init - give arg types
  void big_yaw_init();
..\Applications\Software\gimbal.h(92): warning:  #1295-D: Deprecated declaration big_yaw_cal - give arg types
  void big_yaw_cal();
..\Applications\Software\gimbal.h(94): warning:  #1295-D: Deprecated declaration big_yaw_update - give arg types
  void big_yaw_update();
..\Applications\Software\gimbal.h(95): warning:  #1295-D: Deprecated declaration relative_angle_big_yaw_send - give arg types
  void relative_angle_big_yaw_send();
..\Applications\Software\Error_detect.c: 14 warnings, 0 errors
compiling referee_handle_pack.c...
..\Applications\Software\referee_handle_pack.h(730): warning:  #1295-D: Deprecated declaration Required_Data - give arg types
  void Required_Data();
..\Applications\Software\referee_handle_pack.h(731): warning:  #1295-D: Deprecated declaration Cap_Required_Data - give arg types
  void Cap_Required_Data(); 
..\Applications\Software\referee_handle_pack.h(732): warning:  #1-D: last line of file ends without a newline
  #endif
..\Applications\Software\Global_status.h(84): warning:  #1-D: last line of file ends without a newline
  // end of file
..\Applications\Software\referee_handle_pack.c: 4 warnings, 0 errors
compiling vofa.c...
..\Applications\Software\vofa.h(6): warning:  #1-D: last line of file ends without a newline
  #endif
..\Applications\Software\vofa.c: 1 warning, 0 errors
compiling Stxxid-Data-Transmission.c...
compiling NUC_communication.c...
..\Applications\Software\referee_handle_pack.h(730): warning:  #1295-D: Deprecated declaration Required_Data - give arg types
  void Required_Data();
..\Applications\Software\referee_handle_pack.h(731): warning:  #1295-D: Deprecated declaration Cap_Required_Data - give arg types
  void Cap_Required_Data(); 
..\Applications\Software\referee_handle_pack.h(732): warning:  #1-D: last line of file ends without a newline
  #endif
..\Applications\Software\NUC_communication.h(66): warning:  #1295-D: Deprecated declaration Test_communcation_0128 - give arg types
  void Test_communcation_0128();
../Applications/Hardware/IMU_updata.h(63): warning:  #1295-D: Deprecated declaration process_IMU_data - give arg types
  void process_IMU_data();
..\Applications\Software\Global_status.h(84): warning:  #1-D: last line of file ends without a newline
  // end of file
../Algorithm/pid.h(34): warning:  #1-D: last line of file ends without a newline
  float pid_update(pid_t* pid, float setpoint, float measurement);
..\..\..\25-EE-code-steer\Drivers\DM_Dri\dm_driver.h(89): warning:  #1295-D: Deprecated declaration dm4310_init - give arg types
  void dm4310_init();
..\..\..\25-EE-code-steer\Drivers\DM_Dri\dm_driver.h(113): warning:  #1-D: last line of file ends without a newline
  #endif // DM_DRIVER_H
..\Applications\Software\gimbal.h(91): warning:  #1295-D: Deprecated declaration big_yaw_init - give arg types
  void big_yaw_init();
..\Applications\Software\gimbal.h(92): warning:  #1295-D: Deprecated declaration big_yaw_cal - give arg types
  void big_yaw_cal();
..\Applications\Software\gimbal.h(94): warning:  #1295-D: Deprecated declaration big_yaw_update - give arg types
  void big_yaw_update();
..\Applications\Software\gimbal.h(95): warning:  #1295-D: Deprecated declaration relative_angle_big_yaw_send - give arg types
  void relative_angle_big_yaw_send();
..\Applications\Software\NUC_communication.c: 13 warnings, 0 errors
compiling ist8310driver.c...
compiling gimbal.c...
../Algorithm/pid.h(34): warning:  #1-D: last line of file ends without a newline
  float pid_update(pid_t* pid, float setpoint, float measurement);
..\..\..\25-EE-code-steer\Drivers\DM_Dri\dm_driver.h(89): warning:  #1295-D: Deprecated declaration dm4310_init - give arg types
  void dm4310_init();
..\..\..\25-EE-code-steer\Drivers\DM_Dri\dm_driver.h(113): warning:  #1-D: last line of file ends without a newline
  #endif // DM_DRIVER_H
..\Applications\Software\gimbal.h(91): warning:  #1295-D: Deprecated declaration big_yaw_init - give arg types
  void big_yaw_init();
..\Applications\Software\gimbal.h(92): warning:  #1295-D: Deprecated declaration big_yaw_cal - give arg types
  void big_yaw_cal();
..\Applications\Software\gimbal.h(94): warning:  #1295-D: Deprecated declaration big_yaw_update - give arg types
  void big_yaw_update();
..\Applications\Software\gimbal.h(95): warning:  #1295-D: Deprecated declaration relative_angle_big_yaw_send - give arg types
  void relative_angle_big_yaw_send();
..\Applications\Software\referee_handle_pack.h(730): warning:  #1295-D: Deprecated declaration Required_Data - give arg types
  void Required_Data();
..\Applications\Software\referee_handle_pack.h(731): warning:  #1295-D: Deprecated declaration Cap_Required_Data - give arg types
  void Cap_Required_Data(); 
..\Applications\Software\referee_handle_pack.h(732): warning:  #1-D: last line of file ends without a newline
  #endif
..\Applications\Software\chassis_move.h(121): warning:  #1295-D: Deprecated declaration Chassis_course_updata - give arg types
  void Chassis_course_updata();
..\Applications\Software\chassis_move.h(122): warning:  #1295-D: Deprecated declaration Chassis_course_pid_cal - give arg types
  void Chassis_course_pid_cal();
..\Applications\Software\chassis_move.h(124): warning:  #1295-D: Deprecated declaration steer_transfer_nearby - give arg types
  void steer_transfer_nearby(); //就近转位
..\Applications\Software\NUC_communication.h(66): warning:  #1295-D: Deprecated declaration Test_communcation_0128 - give arg types
  void Test_communcation_0128();
..\Applications\Software\Global_status.h(84): warning:  #1-D: last line of file ends without a newline
  // end of file
../Applications/Hardware/IMU_updata.h(63): warning:  #1295-D: Deprecated declaration process_IMU_data - give arg types
  void process_IMU_data();
..\Applications\Software\gimbal.c(229): warning:  #1035-D: single-precision operand implicitly converted to double-precision
  	slope = rad2degree(IMU_pitch) - LOCATION_pitch - 48.5;
..\Applications\Software\gimbal.c(234): warning:  #223-D: function "set_servo_angle" declared implicitly
  	set_servo_angle(PIN_3, 42);
..\Applications\Software\gimbal.c(238): warning:  #223-D: function "set_servo_angle" declared implicitly
  	set_servo_angle(PIN_3, 170);
..\Applications\Software\gimbal.c(303): warning:  #1035-D: single-precision operand implicitly converted to double-precision
  	relative_angle_big_yaw = dm4310.para.pos/PI*180 + 2.0 ;
..\Applications\Software\gimbal.c: 20 warnings, 0 errors
compiling referee_usart_task.c...
..\Applications\Software\referee_handle_pack.h(730): warning:  #1295-D: Deprecated declaration Required_Data - give arg types
  void Required_Data();
..\Applications\Software\referee_handle_pack.h(731): warning:  #1295-D: Deprecated declaration Cap_Required_Data - give arg types
  void Cap_Required_Data(); 
..\Applications\Software\referee_handle_pack.h(732): warning:  #1-D: last line of file ends without a newline
  #endif
..\Applications\Software\referee_usart_task.c: 3 warnings, 0 errors
assembling startup_stm32f407xx.s...
compiling chassis_move.c...
../Applications/Hardware/IMU_updata.h(63): warning:  #1295-D: Deprecated declaration process_IMU_data - give arg types
  void process_IMU_data();
..\Applications\Software\referee_handle_pack.h(730): warning:  #1295-D: Deprecated declaration Required_Data - give arg types
  void Required_Data();
..\Applications\Software\referee_handle_pack.h(731): warning:  #1295-D: Deprecated declaration Cap_Required_Data - give arg types
  void Cap_Required_Data(); 
..\Applications\Software\referee_handle_pack.h(732): warning:  #1-D: last line of file ends without a newline
  #endif
..\Applications\Software\chassis_move.h(121): warning:  #1295-D: Deprecated declaration Chassis_course_updata - give arg types
  void Chassis_course_updata();
..\Applications\Software\chassis_move.h(122): warning:  #1295-D: Deprecated declaration Chassis_course_pid_cal - give arg types
  void Chassis_course_pid_cal();
..\Applications\Software\chassis_move.h(124): warning:  #1295-D: Deprecated declaration steer_transfer_nearby - give arg types
  void steer_transfer_nearby(); //就近转位
../Algorithm/pid.h(34): warning:  #1-D: last line of file ends without a newline
  float pid_update(pid_t* pid, float setpoint, float measurement);
..\..\..\25-EE-code-steer\Drivers\DM_Dri\dm_driver.h(89): warning:  #1295-D: Deprecated declaration dm4310_init - give arg types
  void dm4310_init();
..\..\..\25-EE-code-steer\Drivers\DM_Dri\dm_driver.h(113): warning:  #1-D: last line of file ends without a newline
  #endif // DM_DRIVER_H
..\Applications\Software\gimbal.h(91): warning:  #1295-D: Deprecated declaration big_yaw_init - give arg types
  void big_yaw_init();
..\Applications\Software\gimbal.h(92): warning:  #1295-D: Deprecated declaration big_yaw_cal - give arg types
  void big_yaw_cal();
..\Applications\Software\gimbal.h(94): warning:  #1295-D: Deprecated declaration big_yaw_update - give arg types
  void big_yaw_update();
..\Applications\Software\gimbal.h(95): warning:  #1295-D: Deprecated declaration relative_angle_big_yaw_send - give arg types
  void relative_angle_big_yaw_send();
..\Applications\Software\Global_status.h(84): warning:  #1-D: last line of file ends without a newline
  // end of file
..\Applications\Software\chassis_move.c(234): warning:  #1035-D: single-precision operand implicitly converted to double-precision
  		 set_mangle[0] =	(X_AXIS_ECD[0]+set_angle[0]*8192/360.0)/8192*360;
..\Applications\Software\chassis_move.c(235): warning:  #1035-D: single-precision operand implicitly converted to double-precision
  		 set_mangle[1] =	(X_AXIS_ECD[1]+set_angle[1]*8192/360.0)/8192*360;
..\Applications\Software\chassis_move.c(236): warning:  #1035-D: single-precision operand implicitly converted to double-precision
  		 set_mangle[2] =	(X_AXIS_ECD[2]+set_angle[2]*8192/360.0)/8192*360;
..\Applications\Software\chassis_move.c(237): warning:  #1035-D: single-precision operand implicitly converted to double-precision
  		 set_mangle[3] =	(X_AXIS_ECD[3]+set_angle[3]*8192/360.0)/8192*360;
..\Applications\Software\chassis_move.c(177): warning:  #550-D: variable "set_angle_last"  was set but never used
  	 static fp32 set_angle_last[4]={TURN_FR_ANGLE,TURN_FL_ANGLE,TURN_BL_ANGLE,TURN_BR_ANGLE};
..\Applications\Software\chassis_move.c(180): warning:  #177-D: variable "angle_temp"  was declared but never referenced
  	  int16_t angle_temp[4];
..\Applications\Software\chassis_move.c(291): warning:  #1035-D: single-precision operand implicitly converted to double-precision
  	 if(chassis.turn_FR.set-chassis.turn_FR.now>=180.0)
..\Applications\Software\chassis_move.c(293): warning:  #1035-D: single-precision operand implicitly converted to double-precision
  	 chassis.turn_FR.turn_FR_speed = pid_cal(&motor_location_6020[FR], chassis.turn_FR.now, chassis.turn_FR.set-360.0);
..\Applications\Software\chassis_move.c(297): warning:  #1035-D: single-precision operand implicitly converted to double-precision
  	 chassis.turn_FR.turn_FR_speed = pid_cal(&motor_location_6020[FR], chassis.turn_FR.now, chassis.turn_FR.set+360.0);
..\Applications\Software\chassis_move.c(304): warning:  #1035-D: single-precision operand implicitly converted to double-precision
  	 if(chassis.turn_FL.set-chassis.turn_FL.now>=180.0)
..\Applications\Software\chassis_move.c(306): warning:  #1035-D: single-precision operand implicitly converted to double-precision
  	 chassis.turn_FL.turn_FL_speed = pid_cal(&motor_location_6020[FL], chassis.turn_FL.now, chassis.turn_FL.set-360.0);
..\Applications\Software\chassis_move.c(310): warning:  #1035-D: single-precision operand implicitly converted to double-precision
  	 chassis.turn_FL.turn_FL_speed = pid_cal(&motor_location_6020[FL], chassis.turn_FL.now, chassis.turn_FL.set+360.0);
..\Applications\Software\chassis_move.c(317): warning:  #1035-D: single-precision operand implicitly converted to double-precision
  	 if(chassis.turn_BL.set-chassis.turn_BL.now>=180.0)
..\Applications\Software\chassis_move.c(319): warning:  #1035-D: single-precision operand implicitly converted to double-precision
  	 chassis.turn_BL.turn_BL_speed = pid_cal(&motor_location_6020[BL], chassis.turn_BL.now, chassis.turn_BL.set-360.0);
..\Applications\Software\chassis_move.c(323): warning:  #1035-D: single-precision operand implicitly converted to double-precision
  	 chassis.turn_BL.turn_BL_speed = pid_cal(&motor_location_6020[BL], chassis.turn_BL.now, chassis.turn_BL.set+360.0);
..\Applications\Software\chassis_move.c(330): warning:  #1035-D: single-precision operand implicitly converted to double-precision
  	 if(chassis.turn_BR.set-chassis.turn_BR.now>=180.0)
..\Applications\Software\chassis_move.c(332): warning:  #1035-D: single-precision operand implicitly converted to double-precision
  	 chassis.turn_BR.turn_BR_speed = pid_cal(&motor_location_6020[BR], chassis.turn_BR.now, chassis.turn_BR.set-360.0);
..\Applications\Software\chassis_move.c(336): warning:  #1035-D: single-precision operand implicitly converted to double-precision
  	 chassis.turn_BR.turn_BR_speed = pid_cal(&motor_location_6020[BR], chassis.turn_BR.now, chassis.turn_BR.set+360.0);
..\Applications\Software\chassis_move.c(523): warning:  #188-D: enumerated type mixed with another type
  		 now_p += fabs(current[i] * toque_coefficient * get_motor_data(i).speed_rpm +
..\Applications\Software\chassis_move.c(524): warning:  #188-D: enumerated type mixed with another type
  					   k2 * get_motor_data(i).speed_rpm * get_motor_data(i).speed_rpm +
..\Applications\Software\chassis_move.c(524): warning:  #188-D: enumerated type mixed with another type
  					   k2 * get_motor_data(i).speed_rpm * get_motor_data(i).speed_rpm +
..\Applications\Software\chassis_move.c(699): warning:  #1035-D: single-precision operand implicitly converted to double-precision
  		 float clock_encoder = fmodf((set-now+8192.0),8192.0);
..\Applications\Software\chassis_move.c(700): warning:  #1035-D: single-precision operand implicitly converted to double-precision
  		 float counter_encoder = 8192.0-clock_encoder;
..\Applications\Software\chassis_move.c(701): warning:  #1035-D: single-precision operand implicitly converted to double-precision
  		 float reverse_encoder = fabsf(fmodf(set - now + 4096.0, 8192.0)) - 4096.0;
..\Applications\Software\chassis_move.c(701): warning:  #1035-D: single-precision operand implicitly converted to double-precision
  		 float reverse_encoder = fabsf(fmodf(set - now + 4096.0, 8192.0)) - 4096.0;
..\Applications\Software\chassis_move.c(712): warning:  #1035-D: single-precision operand implicitly converted to double-precision
  		 float flipped_encoder_now = now + 4096.0;
..\Applications\Software\chassis_move.c(714): warning:  #1035-D: single-precision operand implicitly converted to double-precision
  		 if (flipped_encoder_now >= 8192.0) 
..\Applications\Software\chassis_move.c(716): warning:  #1035-D: single-precision operand implicitly converted to double-precision
  			 flipped_encoder_now -= 8192.0;
..\Applications\Software\chassis_move.c(720): warning:  #1035-D: single-precision operand implicitly converted to double-precision
  			 reverse_encoder = fmodf((set - flipped_encoder_now + 8192.0), 8192.0);//求正向距离
..\Applications\Software\chassis_move.c(724): warning:  #1035-D: single-precision operand implicitly converted to double-precision
  			 reverse_encoder = -fmodf(flipped_encoder_now - set + 8192.0, 8192.0);//求反向距离
..\Applications\Software\chassis_move.c(831): warning:  #940-D: missing return statement at end of non-void function "fly_speed_up" 
   }
..\Applications\Software\chassis_move.c(868): warning:  #1-D: last line of file ends without a newline
   
..\Applications\Software\chassis_move.c(58): warning:  #177-D: variable "still"  was declared but never referenced
   static fp32 still[4] = {7560,4009,2766,6181};
..\Applications\Software\chassis_move.c(68): warning:  #177-D: variable "flag_course"  was declared but never referenced
   static int flag_course=1;
..\Applications\Software\chassis_move.c: 49 warnings, 0 errors
compiling croutine.c...
compiling event_groups.c...
compiling control_setting.c...
../Applications/Hardware/IMU_updata.h(63): warning:  #1295-D: Deprecated declaration process_IMU_data - give arg types
  void process_IMU_data();
..\Applications\Software\referee_handle_pack.h(730): warning:  #1295-D: Deprecated declaration Required_Data - give arg types
  void Required_Data();
..\Applications\Software\referee_handle_pack.h(731): warning:  #1295-D: Deprecated declaration Cap_Required_Data - give arg types
  void Cap_Required_Data(); 
..\Applications\Software\referee_handle_pack.h(732): warning:  #1-D: last line of file ends without a newline
  #endif
../Applications/Software/ui/ui_default_Ungroup_0.h(12): warning:  #1295-D: Deprecated declaration _ui_init_default_Ungroup_0 - give arg types
  void _ui_init_default_Ungroup_0();
../Applications/Software/ui/ui_default_Ungroup_0.h(13): warning:  #1295-D: Deprecated declaration _ui_update_default_Ungroup_0 - give arg types
  void _ui_update_default_Ungroup_0();
../Applications/Software/ui/ui_default_Ungroup_0.h(14): warning:  #1295-D: Deprecated declaration _ui_remove_default_Ungroup_0 - give arg types
  void _ui_remove_default_Ungroup_0();
../Applications/Software/ui/ui_default_Ungroup_1.h(12): warning:  #1295-D: Deprecated declaration _ui_init_default_Ungroup_1 - give arg types
  void _ui_init_default_Ungroup_1();
../Applications/Software/ui/ui_default_Ungroup_1.h(13): warning:  #1295-D: Deprecated declaration _ui_update_default_Ungroup_1 - give arg types
  void _ui_update_default_Ungroup_1();
../Applications/Software/ui/ui_default_Ungroup_1.h(14): warning:  #1295-D: Deprecated declaration _ui_remove_default_Ungroup_1 - give arg types
  void _ui_remove_default_Ungroup_1();
../Applications/Software/ui/ui_default_Ungroup_2.h(12): warning:  #1295-D: Deprecated declaration _ui_init_default_Ungroup_2 - give arg types
  void _ui_init_default_Ungroup_2();
../Applications/Software/ui/ui_default_Ungroup_2.h(13): warning:  #1295-D: Deprecated declaration _ui_update_default_Ungroup_2 - give arg types
  void _ui_update_default_Ungroup_2();
../Applications/Software/ui/ui_default_Ungroup_2.h(14): warning:  #1295-D: Deprecated declaration _ui_remove_default_Ungroup_2 - give arg types
  void _ui_remove_default_Ungroup_2();
../Applications/Software/ui/ui_default_Ungroup_3.h(12): warning:  #1295-D: Deprecated declaration _ui_init_default_Ungroup_3 - give arg types
  void _ui_init_default_Ungroup_3();
../Applications/Software/ui/ui_default_Ungroup_3.h(13): warning:  #1295-D: Deprecated declaration _ui_update_default_Ungroup_3 - give arg types
  void _ui_update_default_Ungroup_3();
../Applications/Software/ui/ui_default_Ungroup_3.h(14): warning:  #1295-D: Deprecated declaration _ui_remove_default_Ungroup_3 - give arg types
  void _ui_remove_default_Ungroup_3();
../Applications/Software/ui/ui_default_Ungroup_4.h(18): warning:  #1295-D: Deprecated declaration _ui_init_default_Ungroup_4 - give arg types
  void _ui_init_default_Ungroup_4();
../Applications/Software/ui/ui_default_Ungroup_4.h(19): warning:  #1295-D: Deprecated declaration _ui_update_default_Ungroup_4 - give arg types
  void _ui_update_default_Ungroup_4();
../Applications/Software/ui/ui_default_Ungroup_4.h(20): warning:  #1295-D: Deprecated declaration _ui_remove_default_Ungroup_4 - give arg types
  void _ui_remove_default_Ungroup_4();
../Applications/Software/ui/ui_default_Ungroup_5.h(16): warning:  #1295-D: Deprecated declaration _ui_init_default_Ungroup_5 - give arg types
  void _ui_init_default_Ungroup_5();
../Applications/Software/ui/ui_default_Ungroup_5.h(17): warning:  #1295-D: Deprecated declaration _ui_update_default_Ungroup_5 - give arg types
  void _ui_update_default_Ungroup_5();
../Applications/Software/ui/ui_default_Ungroup_5.h(18): warning:  #1295-D: Deprecated declaration _ui_remove_default_Ungroup_5 - give arg types
  void _ui_remove_default_Ungroup_5();
..\Applications\Software\ui.h(20): warning:  #1295-D: Deprecated declaration ui_init - give arg types
  void ui_init();
..\Applications\Software\ui.h(21): warning:  #1295-D: Deprecated declaration ui_updata - give arg types
  void ui_updata();
..\Applications\Software\ui.h(23): warning:  #1295-D: Deprecated declaration char_change - give arg types
  void char_change();
..\Applications\Software\ui.h(26): warning:  #1295-D: Deprecated declaration ui_chassisline - give arg types
  void ui_chassisline();
..\Applications\Software\ui.h(27): warning:  #1295-D: Deprecated declaration ui_WarningLight - give arg types
  void ui_WarningLight();
..\Applications\Software\ui.h(28): warning:  #1295-D: Deprecated declaration ui_Spin - give arg types
  void ui_Spin();
..\Applications\Software\Global_status.h(84): warning:  #1-D: last line of file ends without a newline
  // end of file
..\Applications\Software\chassis_move.h(121): warning:  #1295-D: Deprecated declaration Chassis_course_updata - give arg types
  void Chassis_course_updata();
..\Applications\Software\chassis_move.h(122): warning:  #1295-D: Deprecated declaration Chassis_course_pid_cal - give arg types
  void Chassis_course_pid_cal();
..\Applications\Software\chassis_move.h(124): warning:  #1295-D: Deprecated declaration steer_transfer_nearby - give arg types
  void steer_transfer_nearby(); //就近转位
../Algorithm/pid.h(34): warning:  #1-D: last line of file ends without a newline
  float pid_update(pid_t* pid, float setpoint, float measurement);
..\..\..\25-EE-code-steer\Drivers\DM_Dri\dm_driver.h(89): warning:  #1295-D: Deprecated declaration dm4310_init - give arg types
  void dm4310_init();
..\..\..\25-EE-code-steer\Drivers\DM_Dri\dm_driver.h(113): warning:  #1-D: last line of file ends without a newline
  #endif // DM_DRIVER_H
..\Applications\Software\gimbal.h(24): warning:  #47-D: incompatible redefinition of macro "PI"  (declared at line 44 of "../Algorithm/AHRS_MiddleWare.h")
  #define PI 3.1415926f
..\Applications\Software\gimbal.h(91): warning:  #1295-D: Deprecated declaration big_yaw_init - give arg types
  void big_yaw_init();
..\Applications\Software\gimbal.h(92): warning:  #1295-D: Deprecated declaration big_yaw_cal - give arg types
  void big_yaw_cal();
..\Applications\Software\gimbal.h(94): warning:  #1295-D: Deprecated declaration big_yaw_update - give arg types
  void big_yaw_update();
..\Applications\Software\gimbal.h(95): warning:  #1295-D: Deprecated declaration relative_angle_big_yaw_send - give arg types
  void relative_angle_big_yaw_send();
..\Applications\Software\NUC_communication.h(66): warning:  #1295-D: Deprecated declaration Test_communcation_0128 - give arg types
  void Test_communcation_0128();
..\Applications\Software\control_setting.c(267): warning:  #1035-D: single-precision operand implicitly converted to double-precision
  				Global.input.y += 0.04;
..\Applications\Software\control_setting.c(268): warning:  #1035-D: single-precision operand implicitly converted to double-precision
  				if (Global.input.y >= 3.0)
..\Applications\Software\control_setting.c(274): warning:  #1035-D: single-precision operand implicitly converted to double-precision
  				if (Global.input.y < 0.5)
..\Applications\Software\control_setting.c(276): warning:  #1035-D: single-precision operand implicitly converted to double-precision
  				if (Global.input.y > 0.5 && Global.input.y < 0.8)
..\Applications\Software\control_setting.c(276): warning:  #1035-D: single-precision operand implicitly converted to double-precision
  				if (Global.input.y > 0.5 && Global.input.y < 0.8)
..\Applications\Software\control_setting.c(278): warning:  #1035-D: single-precision operand implicitly converted to double-precision
  				if (Global.input.y > 0.8 && Global.input.y < 1.6 * KS)
..\Applications\Software\control_setting.c(278): warning:  #1035-D: single-precision operand implicitly converted to double-precision
  				if (Global.input.y > 0.8 && Global.input.y < 1.6 * KS)
..\Applications\Software\control_setting.c(280): warning:  #1035-D: single-precision operand implicitly converted to double-precision
  				if (Global.input.y > 1.6 * KS)
..\Applications\Software\control_setting.c(281): warning:  #1035-D: single-precision operand implicitly converted to double-precision
  					Global.input.y = 1.6 * KS;
..\Applications\Software\control_setting.c(425): warning:  #1-D: last line of file ends without a newline
  }
..\Applications\Software\control_setting.c: 51 warnings, 0 errors
compiling list.c...
compiling stream_buffer.c...
compiling queue.c...
compiling timers.c...
compiling tasks.c...
compiling heap_4.c...
compiling port.c...
compiling system_stm32f4xx.c...
compiling BMI088Middleware.c...
compiling BMI088driver.c...
compiling ist8310driver_middleware.c...
compiling stm32f4xx_hal_pcd_ex.c...
compiling stm32f4xx_hal_pcd.c...
compiling stm32f4xx_hal_rcc_ex.c...
compiling stm32f4xx_hal_flash.c...
compiling stm32f4xx_hal_rcc.c...
compiling stm32f4xx_ll_usb.c...
compiling cmsis_os2.c...
compiling stm32f4xx_hal_flash_ex.c...
compiling stm32f4xx_hal_cortex.c...
compiling stm32f4xx_hal_pwr_ex.c...
compiling stm32f4xx_hal_gpio.c...
compiling stm32f4xx_hal_flash_ramfunc.c...
compiling stm32f4xx_hal_dma_ex.c...
compiling stm32f4xx_hal.c...
compiling stm32f4xx_hal_pwr.c...
compiling stm32f4xx_hal_dma.c...
compiling stm32f4xx_hal_exti.c...
compiling stm32f4xx_hal_can.c...
compiling stm32f4xx_hal_wwdg.c...
compiling stm32f4xx_hal_iwdg.c...
compiling stm32f4xx_hal_crc.c...
compiling stm32f4xx_hal_i2c_ex.c...
compiling usbd_core.c...
compiling usbd_ctlreq.c...
compiling stm32f4xx_hal_tim_ex.c...
compiling stm32f4xx_hal_uart.c...
compiling stm32f4xx_hal_spi.c...
compiling stm32f4xx_hal_i2c.c...
compiling stm32f4xx_hal_tim.c...
compiling usbd_ioreq.c...
compiling dm_driver.c...
..\Drivers\DM_Dri\dm_driver.h(89): warning:  #1295-D: Deprecated declaration dm4310_init - give arg types
  void dm4310_init();
..\Drivers\DM_Dri\dm_driver.h(113): warning:  #1-D: last line of file ends without a newline
  #endif // DM_DRIVER_H
..\Drivers\DM_Dri\dm_driver.c(439): warning:  #1-D: last line of file ends without a newline
  }
..\Drivers\DM_Dri\dm_driver.c: 3 warnings, 0 errors
compiling usbd_cdc.c...
linking...
Program Size: Code=64680 RO-data=2124 RW-data=768 ZI-data=46400  
FromELF: creating hex file...
"RMc_adam_GeneralRobotSystemCode\RMc_adam_GeneralRobotSystemCode.axf" - 0 Error(s), 285 Warning(s).
Build Time Elapsed:  00:00:25
